<?xml version="1.0" encoding="UTF-8"?>
<testng-results total="7" passed="7" failed="0" skipped="0">
  <reporter-output>
  </reporter-output>
  <suite started-at="2025-02-15T08:20:25Z" name="Test Suite for Buildout" finished-at="2025-02-15T08:21:19Z" duration-ms="53875">
    <groups>
    </groups>
    <test started-at="2025-02-15T08:20:25Z" name="Test Cases for Buildout" finished-at="2025-02-15T08:21:19Z" duration-ms="53875">
      <class name="demo.TestCases">
        <test-method is-config="true" signature="startBrowser()[pri:0, instance:demo.TestCases@3a0d172f]" started-at="2025-02-15T13:50:25Z" name="startBrowser" finished-at="2025-02-15T13:50:28Z" duration-ms="3270" status="PASS">
          <reporter-output>
          </reporter-output>
        </test-method> <!-- startBrowser -->
        <test-method is-config="true" signature="driverGet()[pri:0, instance:demo.TestCases@3a0d172f]" started-at="2025-02-15T13:50:28Z" name="driverGet" finished-at="2025-02-15T13:50:32Z" duration-ms="4077" status="PASS">
          <reporter-output>
          </reporter-output>
        </test-method> <!-- driverGet -->
        <test-method signature="testCase01()[pri:1, instance:demo.TestCases@3a0d172f]" started-at="2025-02-15T13:50:32Z" name="testCase01" finished-at="2025-02-15T13:50:34Z" duration-ms="1460" status="PASS">
          <reporter-output>
          </reporter-output>
        </test-method> <!-- testCase01 -->
        <test-method is-config="true" signature="driverGet()[pri:0, instance:demo.TestCases@3a0d172f]" started-at="2025-02-15T13:50:34Z" name="driverGet" finished-at="2025-02-15T13:50:35Z" duration-ms="1344" status="PASS">
          <reporter-output>
          </reporter-output>
        </test-method> <!-- driverGet -->
        <test-method signature="testCase02()[pri:2, instance:demo.TestCases@3a0d172f]" started-at="2025-02-15T13:50:35Z" name="testCase02" finished-at="2025-02-15T13:50:47Z" duration-ms="11919" status="PASS">
          <reporter-output>
          </reporter-output>
        </test-method> <!-- testCase02 -->
        <test-method is-config="true" signature="driverGet()[pri:0, instance:demo.TestCases@3a0d172f]" started-at="2025-02-15T13:50:47Z" name="driverGet" finished-at="2025-02-15T13:50:48Z" duration-ms="777" status="PASS">
          <reporter-output>
          </reporter-output>
        </test-method> <!-- driverGet -->
        <test-method signature="testCase03()[pri:3, instance:demo.TestCases@3a0d172f]" started-at="2025-02-15T13:50:48Z" name="testCase03" finished-at="2025-02-15T13:50:52Z" duration-ms="4608" status="PASS">
          <reporter-output>
          </reporter-output>
        </test-method> <!-- testCase03 -->
        <test-method is-config="true" signature="driverGet()[pri:0, instance:demo.TestCases@3a0d172f]" started-at="2025-02-15T13:50:52Z" name="driverGet" finished-at="2025-02-15T13:50:53Z" duration-ms="659" status="PASS">
          <reporter-output>
          </reporter-output>
        </test-method> <!-- driverGet -->
        <test-method signature="testCase04()[pri:4, instance:demo.TestCases@3a0d172f]" started-at="2025-02-15T13:50:53Z" name="testCase04" finished-at="2025-02-15T13:51:00Z" duration-ms="6495" status="PASS">
          <reporter-output>
          </reporter-output>
        </test-method> <!-- testCase04 -->
        <test-method is-config="true" signature="driverGet()[pri:0, instance:demo.TestCases@3a0d172f]" started-at="2025-02-15T13:51:00Z" name="driverGet" finished-at="2025-02-15T13:51:01Z" duration-ms="1109" status="PASS">
          <reporter-output>
          </reporter-output>
        </test-method> <!-- driverGet -->
        <test-method signature="TestCase05(java.lang.String)[pri:5, instance:demo.TestCases@3a0d172f]" started-at="2025-02-15T13:51:01Z" name="TestCase05" description="Verify video views count" data-provider="searchTerms" finished-at="2025-02-15T13:51:07Z" duration-ms="6026" status="PASS">
          <params>
            <param index="0">
              <value>
                <![CDATA[Movies]]>
              </value>
            </param>
          </params>
          <reporter-output>
          </reporter-output>
        </test-method> <!-- TestCase05 -->
        <test-method is-config="true" signature="driverGet()[pri:0, instance:demo.TestCases@3a0d172f]" started-at="2025-02-15T13:51:07Z" name="driverGet" finished-at="2025-02-15T13:51:08Z" duration-ms="699" status="PASS">
          <reporter-output>
          </reporter-output>
        </test-method> <!-- driverGet -->
        <test-method signature="TestCase05(java.lang.String)[pri:5, instance:demo.TestCases@3a0d172f]" started-at="2025-02-15T13:51:08Z" name="TestCase05" description="Verify video views count" data-provider="searchTerms" finished-at="2025-02-15T13:51:11Z" duration-ms="3446" status="PASS">
          <params>
            <param index="0">
              <value>
                <![CDATA[Music]]>
              </value>
            </param>
          </params>
          <reporter-output>
          </reporter-output>
        </test-method> <!-- TestCase05 -->
        <test-method is-config="true" signature="driverGet()[pri:0, instance:demo.TestCases@3a0d172f]" started-at="2025-02-15T13:51:11Z" name="driverGet" finished-at="2025-02-15T13:51:12Z" duration-ms="609" status="PASS">
          <reporter-output>
          </reporter-output>
        </test-method> <!-- driverGet -->
        <test-method signature="TestCase05(java.lang.String)[pri:5, instance:demo.TestCases@3a0d172f]" started-at="2025-02-15T13:51:12Z" name="TestCase05" description="Verify video views count" data-provider="searchTerms" finished-at="2025-02-15T13:51:18Z" duration-ms="6074" status="PASS">
          <params>
            <param index="0">
              <value>
                <![CDATA[Games]]>
              </value>
            </param>
          </params>
          <reporter-output>
          </reporter-output>
        </test-method> <!-- TestCase05 -->
        <test-method is-config="true" signature="endTest()[pri:0, instance:demo.TestCases@3a0d172f]" started-at="2025-02-15T13:51:18Z" name="endTest" finished-at="2025-02-15T13:51:19Z" duration-ms="818" status="PASS">
          <reporter-output>
          </reporter-output>
        </test-method> <!-- endTest -->
      </class> <!-- demo.TestCases -->
    </test> <!-- Test Cases for Buildout -->
  </suite> <!-- Test Suite for Buildout -->
</testng-results>
