<?xml version="1.0" encoding="UTF-8"?>
<testng-results total="7" passed="7" failed="0" skipped="0">
  <reporter-output>
  </reporter-output>
  <suite started-at="2025-02-15T08:14:45Z" name="Test Suite for Buildout" finished-at="2025-02-15T08:15:39Z" duration-ms="54512">
    <groups>
    </groups>
    <test started-at="2025-02-15T08:14:45Z" name="Test Cases for Buildout" finished-at="2025-02-15T08:15:39Z" duration-ms="54512">
      <class name="demo.TestCases">
        <test-method is-config="true" signature="startBrowser()[pri:0, instance:demo.TestCases@3a0d172f]" started-at="2025-02-15T13:44:45Z" name="startBrowser" finished-at="2025-02-15T13:44:48Z" duration-ms="3026" status="PASS">
          <reporter-output>
          </reporter-output>
        </test-method> <!-- startBrowser -->
        <test-method is-config="true" signature="driverGet()[pri:0, instance:demo.TestCases@3a0d172f]" started-at="2025-02-15T13:44:48Z" name="driverGet" finished-at="2025-02-15T13:44:55Z" duration-ms="6686" status="PASS">
          <reporter-output>
          </reporter-output>
        </test-method> <!-- driverGet -->
        <test-method signature="testCase01()[pri:1, instance:demo.TestCases@3a0d172f]" started-at="2025-02-15T13:44:55Z" name="testCase01" finished-at="2025-02-15T13:44:56Z" duration-ms="1517" status="PASS">
          <reporter-output>
          </reporter-output>
        </test-method> <!-- testCase01 -->
        <test-method is-config="true" signature="driverGet()[pri:0, instance:demo.TestCases@3a0d172f]" started-at="2025-02-15T13:44:56Z" name="driverGet" finished-at="2025-02-15T13:44:58Z" duration-ms="1757" status="PASS">
          <reporter-output>
          </reporter-output>
        </test-method> <!-- driverGet -->
        <test-method signature="testCase02()[pri:2, instance:demo.TestCases@3a0d172f]" started-at="2025-02-15T13:44:58Z" name="testCase02" finished-at="2025-02-15T13:45:11Z" duration-ms="12908" status="PASS">
          <reporter-output>
          </reporter-output>
        </test-method> <!-- testCase02 -->
        <test-method is-config="true" signature="driverGet()[pri:0, instance:demo.TestCases@3a0d172f]" started-at="2025-02-15T13:45:11Z" name="driverGet" finished-at="2025-02-15T13:45:11Z" duration-ms="655" status="PASS">
          <reporter-output>
          </reporter-output>
        </test-method> <!-- driverGet -->
        <test-method signature="testCase03()[pri:3, instance:demo.TestCases@3a0d172f]" started-at="2025-02-15T13:45:11Z" name="testCase03" finished-at="2025-02-15T13:45:16Z" duration-ms="4261" status="PASS">
          <reporter-output>
          </reporter-output>
        </test-method> <!-- testCase03 -->
        <test-method is-config="true" signature="driverGet()[pri:0, instance:demo.TestCases@3a0d172f]" started-at="2025-02-15T13:45:16Z" name="driverGet" finished-at="2025-02-15T13:45:16Z" duration-ms="734" status="PASS">
          <reporter-output>
          </reporter-output>
        </test-method> <!-- driverGet -->
        <test-method signature="testCase04()[pri:4, instance:demo.TestCases@3a0d172f]" started-at="2025-02-15T13:45:16Z" name="testCase04" finished-at="2025-02-15T13:45:23Z" duration-ms="6213" status="PASS">
          <reporter-output>
          </reporter-output>
        </test-method> <!-- testCase04 -->
        <test-method is-config="true" signature="driverGet()[pri:0, instance:demo.TestCases@3a0d172f]" started-at="2025-02-15T13:45:23Z" name="driverGet" finished-at="2025-02-15T13:45:24Z" duration-ms="823" status="PASS">
          <reporter-output>
          </reporter-output>
        </test-method> <!-- driverGet -->
        <test-method signature="TestCase05(java.lang.String)[pri:5, instance:demo.TestCases@3a0d172f]" started-at="2025-02-15T13:45:24Z" name="TestCase05" description="Verify video views count" data-provider="searchTerms" finished-at="2025-02-15T13:45:30Z" duration-ms="6058" status="PASS">
          <params>
            <param index="0">
              <value>
                <![CDATA[Movies]]>
              </value>
            </param>
          </params>
          <reporter-output>
          </reporter-output>
        </test-method> <!-- TestCase05 -->
        <test-method is-config="true" signature="driverGet()[pri:0, instance:demo.TestCases@3a0d172f]" started-at="2025-02-15T13:45:30Z" name="driverGet" finished-at="2025-02-15T13:45:31Z" duration-ms="643" status="PASS">
          <reporter-output>
          </reporter-output>
        </test-method> <!-- driverGet -->
        <test-method signature="TestCase05(java.lang.String)[pri:5, instance:demo.TestCases@3a0d172f]" started-at="2025-02-15T13:45:31Z" name="TestCase05" description="Verify video views count" data-provider="searchTerms" finished-at="2025-02-15T13:45:33Z" duration-ms="2833" status="PASS">
          <params>
            <param index="0">
              <value>
                <![CDATA[Music]]>
              </value>
            </param>
          </params>
          <reporter-output>
          </reporter-output>
        </test-method> <!-- TestCase05 -->
        <test-method is-config="true" signature="driverGet()[pri:0, instance:demo.TestCases@3a0d172f]" started-at="2025-02-15T13:45:33Z" name="driverGet" finished-at="2025-02-15T13:45:34Z" duration-ms="718" status="PASS">
          <reporter-output>
          </reporter-output>
        </test-method> <!-- driverGet -->
        <test-method signature="TestCase05(java.lang.String)[pri:5, instance:demo.TestCases@3a0d172f]" started-at="2025-02-15T13:45:34Z" name="TestCase05" description="Verify video views count" data-provider="searchTerms" finished-at="2025-02-15T13:45:39Z" duration-ms="4382" status="PASS">
          <params>
            <param index="0">
              <value>
                <![CDATA[Games]]>
              </value>
            </param>
          </params>
          <reporter-output>
          </reporter-output>
        </test-method> <!-- TestCase05 -->
        <test-method is-config="true" signature="endTest()[pri:0, instance:demo.TestCases@3a0d172f]" started-at="2025-02-15T13:45:39Z" name="endTest" finished-at="2025-02-15T13:45:39Z" duration-ms="823" status="PASS">
          <reporter-output>
          </reporter-output>
        </test-method> <!-- endTest -->
      </class> <!-- demo.TestCases -->
    </test> <!-- Test Cases for Buildout -->
  </suite> <!-- Test Suite for Buildout -->
</testng-results>
